Arguments: 
  C:\Program Files\nodejs\node.exe C:\Users\ASUS\AppData\Roaming\npm\node_modules\yarn\bin\yarn.js add @mantine/dates dayjs

PATH: 
  C:\Users\ASUS\bin;C:\Program Files\Git\mingw64\bin;C:\Program Files\Git\usr\local\bin;C:\Program Files\Git\usr\bin;C:\Program Files\Git\usr\bin;C:\Program Files\Git\mingw64\bin;C:\Program Files\Git\usr\bin;C:\Users\ASUS\bin;C:\Program Files\Git\mingw64\bin;C:\Program Files\Git\usr\bin;C:\Users\ASUS\bin;C:\Python27;C:\Python27\Scripts;C:\WINDOWS\system32;C:\WINDOWS;C:\WINDOWS\System32\Wbem;C:\WINDOWS\System32\WindowsPowerShell\v1.0;C:\WINDOWS\System32\OpenSSH;C:\xampp\php;C:\ProgramData\ComposerSetup\bin;C:\Program Files\Git\cmd;C:\ProgramData\chocolatey\bin;C:\Program Files\OpenJDK\openjdk-8u302-b08\bin;C:\Users\ASUS\AppData\Local\Android\Sdk;C:\Users\ASUS\AppData\Local\Android\Sdk\platform-tools;C:\Program Files\MongoDB\Server\5.0\bin;C:\Program Files\Docker\Docker\resources\bin;C:\ProgramData\DockerDesktop\version-bin;C:\Program Files\PostgreSQL\14\bin;C:\Program Files\PostgreSQL\14\bin\psql.exe;C:\Program Files\nodejs;C:\Program Files\LLVM\bin;C:\Users\ASUS\bi;C:\Windows\System32";C:\Program Files\MySQL\MySQL Server 8.0\bin;C:\Users\ASUS\scoop\shims;C:\Users\ASUS\AppData\Local\Microsoft\WindowsApps;C:\Users\ASUS\AppData\Roaming\Composer\vendor\bin;C:\Program Files\heroku\bin;C:\Users\ASUS\AppData\Roaming\npm;C:\Users\ASUS\AppData\Local\Programs\Microsoft VS Code\bin;C:\Program Files\Git\usr\bin\vendor_perl;C:\Program Files\Git\usr\bin\core_perl

Yarn version: 
  1.22.18

Node version: 
  16.15.0

Platform: 
  win32 x64

Trace: 
  Error: EPERM: operation not permitted, unlink 'C:\Users\ASUS\OneDrive\Desktop\NodeJS\Client-Project\sales-remix\node_modules\esbuild-windows-64\esbuild.exe'

npm manifest: 
  {
    "private": true,
    "sideEffects": false,
    "scripts": {
      "build": "remix build",
      "dev": "remix dev"
    },
    "dependencies": {
      "@emotion/react": "^11.9.3",
      "@emotion/server": "^11.4.0",
      "@mantine/core": "^5.0.0",
      "@mantine/hooks": "^5.0.0",
      "@mantine/modals": "^5.0.0",
      "@mantine/notifications": "^5.0.0",
      "@mantine/remix": "^5.0.0",
      "@prisma/client": "^4.1.0",
      "@remix-run/node": "^1.5.1",
      "@remix-run/react": "^1.5.1",
      "@remix-run/vercel": "^1.5.1",
      "@tabler/icons": "^1.78.1",
      "@vercel/node": "^2.4.4",
      "bcryptjs": "^2.4.3",
      "nodemailer": "^6.7.7",
      "react": "^17.0.2",
      "react-dom": "^17.0.2",
      "tabler-icons-react": "^1.54.0"
    },
    "devDependencies": {
      "@remix-run/dev": "^1.5.1",
      "@remix-run/eslint-config": "^1.5.1",
      "@remix-run/serve": "^1.5.1",
      "@types/bcryptjs": "^2.4.2",
      "@types/nodemailer": "^6.4.4",
      "@types/react": "^17.0.47",
      "@types/react-dom": "^17.0.17",
      "eslint": "^8.20.0",
      "prisma": "^4.1.0",
      "typescript": "^4.7.4"
    },
    "engines": {
      "node": ">=14"
    }
  }

yarn manifest: 
  No manifest

Lockfile: 
  No lockfile
